Using pre-set license
Built from '2020.3/staging' branch; Version is '2020.3.5f1 (8095aa901b9b) revision 8426922'; Using compiler version '192528614'; Build Type 'Release'
OS: 'Windows 10 Pro; OS build 19042.1237; Version 2009; 64bit' Language: 'ko' Physical Memory: 16291 MB
BatchMode: 1, IsHumanControllingUs: 0, StartBugReporterOnCrash: 0, Is64bit: 1, IsPro: 0

 COMMAND LINE ARGUMENTS:
C:\Program Files\Unity\Hub\Editor\2020.3.5f1\Editor\Unity.exe
-adb2
-batchMode
-noUpm
-name
AssetImportWorker0
-projectPath
C:/Users/hhj32/Desktop/Clone_AmongUs/Unity_Clone_AmongUs/MakeTheAmongUs
-logFile
Logs/AssetImportWorker0.log
-srvPort
7750
Successfully changed project path to: C:/Users/hhj32/Desktop/Clone_AmongUs/Unity_Clone_AmongUs/MakeTheAmongUs
C:/Users/hhj32/Desktop/Clone_AmongUs/Unity_Clone_AmongUs/MakeTheAmongUs
Using Asset Import Pipeline V2.
Refreshing native plugins compatible for Editor in 54.70 ms, found 1 plugins.
Preloading 0 native plugins for Editor in 0.00 ms.
Initialize engine version: 2020.3.5f1 (8095aa901b9b)
[Subsystems] Discovering subsystems at path C:/Program Files/Unity/Hub/Editor/2020.3.5f1/Editor/Data/Resources/UnitySubsystems
[Subsystems] Discovering subsystems at path C:/Users/hhj32/Desktop/Clone_AmongUs/Unity_Clone_AmongUs/MakeTheAmongUs/Assets
GfxDevice: creating device client; threaded=0
Direct3D:
    Version:  Direct3D 11.0 [level 11.1]
    Renderer: NVIDIA GeForce RTX 2060 (ID=0x1f08)
    Vendor:   
    VRAM:     5980 MB
    Driver:   30.0.14.7212
Shader 'Universal Render Pipeline/Particles/Lit': fallback shader 'Universal Render Pipeline/Particles/SimpleLit' not found
Initialize mono
Mono path[0] = 'C:/Program Files/Unity/Hub/Editor/2020.3.5f1/Editor/Data/Managed'
Mono path[1] = 'C:/Program Files/Unity/Hub/Editor/2020.3.5f1/Editor/Data/MonoBleedingEdge/lib/mono/unityjit'
Mono config path = 'C:/Program Files/Unity/Hub/Editor/2020.3.5f1/Editor/Data/MonoBleedingEdge/etc'
Using monoOptions --debugger-agent=transport=dt_socket,embedding=1,server=y,suspend=n,address=127.0.0.1:56968
Begin MonoManager ReloadAssembly
Registering precompiled unity dll's ...
Register platform support module: C:/Program Files/Unity/Hub/Editor/2020.3.5f1/Editor/Data/PlaybackEngines/WindowsStandaloneSupport/UnityEditor.WindowsStandalone.Extensions.dll
Registered in 0.002384 seconds.
Native extension for WindowsStandalone target not found
Refreshing native plugins compatible for Editor in 55.53 ms, found 1 plugins.
Preloading 0 native plugins for Editor in 0.00 ms.
Mono: successfully reloaded assembly
- Completed reload, in  1.934 seconds
Platform modules already initialized, skipping
Registering precompiled user dll's ...
Registered in 0.002115 seconds.
Begin MonoManager ReloadAssembly
Native extension for WindowsStandalone target not found
Refreshing native plugins compatible for Editor in 57.08 ms, found 1 plugins.
Preloading 0 native plugins for Editor in 0.00 ms.
Mono: successfully reloaded assembly
- Completed reload, in  1.001 seconds
Platform modules already initialized, skipping
========================================================================
Worker process is ready to serve import requests
Shader 'Universal Render Pipeline/Particles/Lit': fallback shader 'Universal Render Pipeline/Particles/SimpleLit' not found
Launched and connected shader compiler UnityShaderCompiler.exe after 0.09 seconds
Refreshing native plugins compatible for Editor in 0.53 ms, found 1 plugins.
Preloading 0 native plugins for Editor in 0.00 ms.
Unloading 2960 Unused Serialized files (Serialized files now loaded: 0)
System memory in use before: 133.7 MB.
System memory in use after: 133.7 MB.

Unloading 25 unused Assets to reduce memory usage. Loaded Objects now: 3403.
Total: 2.570600 ms (FindLiveObjects: 0.337800 ms CreateObjectMapping: 0.097400 ms MarkObjects: 2.003500 ms  DeleteObjects: 0.131200 ms)

========================================================================
Received Import Request.
  path: Assets/Materials/M_Crew.mat
  artifactKey: Guid(a33e2cbb4b2c146479d7d2f36041457b) Importer(815301076,1909f56bfc062723c751e8b465ee728b)
Start importing Assets/Materials/M_Crew.mat using Guid(a33e2cbb4b2c146479d7d2f36041457b) Importer(815301076,1909f56bfc062723c751e8b465ee728b)  -> (artifact id: '50381c5c6f6ec0cb53197538759dcaca') in 0.208804 seconds
  Import took 0.213995 seconds .

========================================================================
Received Prepare
Registering precompiled user dll's ...
Registered in 0.002809 seconds.
Begin MonoManager ReloadAssembly
Native extension for WindowsStandalone target not found
Refreshing native plugins compatible for Editor in 0.52 ms, found 1 plugins.
Preloading 0 native plugins for Editor in 0.00 ms.
Mono: successfully reloaded assembly
- Completed reload, in  1.027 seconds
Platform modules already initialized, skipping
Shader 'Universal Render Pipeline/Particles/Lit': fallback shader 'Universal Render Pipeline/Particles/SimpleLit' not found
Refreshing native plugins compatible for Editor in 0.53 ms, found 1 plugins.
Preloading 0 native plugins for Editor in 0.00 ms.
Unloading 2850 Unused Serialized files (Serialized files now loaded: 0)
System memory in use before: 132.0 MB.
System memory in use after: 132.1 MB.

Unloading 13 unused Assets to reduce memory usage. Loaded Objects now: 3485.
Total: 2.591500 ms (FindLiveObjects: 0.368500 ms CreateObjectMapping: 0.082700 ms MarkObjects: 2.031900 ms  DeleteObjects: 0.107700 ms)

========================================================================
Received Import Request.
  Time since last request: 240.780959 seconds.
  path: Assets/Scripts/CreateRoomUI.cs
  artifactKey: Guid(844054ff40204e3479a0354c470af38f) Importer(815301076,1909f56bfc062723c751e8b465ee728b)
Start importing Assets/Scripts/CreateRoomUI.cs using Guid(844054ff40204e3479a0354c470af38f) Importer(815301076,1909f56bfc062723c751e8b465ee728b)  -> (artifact id: '554e2e02f4057df8dff277f26dbf1a0b') in 0.010663 seconds
  Import took 0.015522 seconds .

========================================================================
Received Prepare
Registering precompiled user dll's ...
Registered in 0.002582 seconds.
Begin MonoManager ReloadAssembly
Native extension for WindowsStandalone target not found
Refreshing native plugins compatible for Editor in 0.53 ms, found 1 plugins.
Preloading 0 native plugins for Editor in 0.00 ms.
Mono: successfully reloaded assembly
- Completed reload, in  0.964 seconds
Platform modules already initialized, skipping
Shader 'Universal Render Pipeline/Particles/Lit': fallback shader 'Universal Render Pipeline/Particles/SimpleLit' not found
Refreshing native plugins compatible for Editor in 0.54 ms, found 1 plugins.
Preloading 0 native plugins for Editor in 0.00 ms.
Unloading 2850 Unused Serialized files (Serialized files now loaded: 0)
System memory in use before: 132.0 MB.
System memory in use after: 132.1 MB.

Unloading 13 unused Assets to reduce memory usage. Loaded Objects now: 3489.
Total: 2.778400 ms (FindLiveObjects: 0.363200 ms CreateObjectMapping: 0.081900 ms MarkObjects: 2.203500 ms  DeleteObjects: 0.128500 ms)

========================================================================
Received Import Request.
  Time since last request: 62.711660 seconds.
  path: Assets/Scripts/CreateRoomUI.cs
  artifactKey: Guid(844054ff40204e3479a0354c470af38f) Importer(815301076,1909f56bfc062723c751e8b465ee728b)
Start importing Assets/Scripts/CreateRoomUI.cs using Guid(844054ff40204e3479a0354c470af38f) Importer(815301076,1909f56bfc062723c751e8b465ee728b)  -> (artifact id: '6e2073a1d858687cd1bfdf407bc33671') in 0.006055 seconds
  Import took 0.011097 seconds .

========================================================================
Received Prepare
Registering precompiled user dll's ...
Registered in 0.002224 seconds.
Begin MonoManager ReloadAssembly
Native extension for WindowsStandalone target not found
Refreshing native plugins compatible for Editor in 0.53 ms, found 1 plugins.
Preloading 0 native plugins for Editor in 0.00 ms.
Mono: successfully reloaded assembly
- Completed reload, in  0.943 seconds
Platform modules already initialized, skipping
Shader 'Universal Render Pipeline/Particles/Lit': fallback shader 'Universal Render Pipeline/Particles/SimpleLit' not found
Refreshing native plugins compatible for Editor in 0.53 ms, found 1 plugins.
Preloading 0 native plugins for Editor in 0.00 ms.
Unloading 2850 Unused Serialized files (Serialized files now loaded: 0)
System memory in use before: 132.1 MB.
System memory in use after: 132.1 MB.

Unloading 13 unused Assets to reduce memory usage. Loaded Objects now: 3493.
Total: 2.387200 ms (FindLiveObjects: 0.302400 ms CreateObjectMapping: 0.082100 ms MarkObjects: 1.894400 ms  DeleteObjects: 0.107300 ms)

========================================================================
Received Prepare
Registering precompiled user dll's ...
Registered in 0.002181 seconds.
Begin MonoManager ReloadAssembly
Native extension for WindowsStandalone target not found
Refreshing native plugins compatible for Editor in 0.53 ms, found 1 plugins.
Preloading 0 native plugins for Editor in 0.00 ms.
Mono: successfully reloaded assembly
- Completed reload, in  0.976 seconds
Platform modules already initialized, skipping
Shader 'Universal Render Pipeline/Particles/Lit': fallback shader 'Universal Render Pipeline/Particles/SimpleLit' not found
Refreshing native plugins compatible for Editor in 0.55 ms, found 1 plugins.
Preloading 0 native plugins for Editor in 0.00 ms.
Unloading 2850 Unused Serialized files (Serialized files now loaded: 0)
System memory in use before: 132.1 MB.
System memory in use after: 132.2 MB.

Unloading 13 unused Assets to reduce memory usage. Loaded Objects now: 3497.
Total: 2.403300 ms (FindLiveObjects: 0.319000 ms CreateObjectMapping: 0.081400 ms MarkObjects: 1.892200 ms  DeleteObjects: 0.109600 ms)

========================================================================
Received Prepare
Registering precompiled user dll's ...
Registered in 0.002297 seconds.
Begin MonoManager ReloadAssembly
Native extension for WindowsStandalone target not found
Refreshing native plugins compatible for Editor in 0.53 ms, found 1 plugins.
Preloading 0 native plugins for Editor in 0.00 ms.
Mono: successfully reloaded assembly
- Completed reload, in  0.949 seconds
Platform modules already initialized, skipping
Shader 'Universal Render Pipeline/Particles/Lit': fallback shader 'Universal Render Pipeline/Particles/SimpleLit' not found
Refreshing native plugins compatible for Editor in 0.52 ms, found 1 plugins.
Preloading 0 native plugins for Editor in 0.00 ms.
Unloading 2850 Unused Serialized files (Serialized files now loaded: 0)
System memory in use before: 132.1 MB.
System memory in use after: 132.2 MB.

Unloading 13 unused Assets to reduce memory usage. Loaded Objects now: 3501.
Total: 2.595700 ms (FindLiveObjects: 0.298900 ms CreateObjectMapping: 0.080300 ms MarkObjects: 2.101500 ms  DeleteObjects: 0.113900 ms)

========================================================================
Received Import Request.
  Time since last request: 466.096079 seconds.
  path: Assets/Materials/M_Crew.mat
  artifactKey: Guid(a33e2cbb4b2c146479d7d2f36041457b) Importer(815301076,1909f56bfc062723c751e8b465ee728b)
Start importing Assets/Materials/M_Crew.mat using Guid(a33e2cbb4b2c146479d7d2f36041457b) Importer(815301076,1909f56bfc062723c751e8b465ee728b)  -> (artifact id: '511dbea2dbc3a38bb56d12d3126b2417') in 0.142198 seconds
  Import took 0.147551 seconds .

========================================================================
Received Prepare
Registering precompiled user dll's ...
Registered in 0.002169 seconds.
Begin MonoManager ReloadAssembly
Native extension for WindowsStandalone target not found
Refreshing native plugins compatible for Editor in 0.54 ms, found 1 plugins.
Preloading 0 native plugins for Editor in 0.00 ms.
Mono: successfully reloaded assembly
- Completed reload, in  0.945 seconds
Platform modules already initialized, skipping
Shader 'Universal Render Pipeline/Particles/Lit': fallback shader 'Universal Render Pipeline/Particles/SimpleLit' not found
Refreshing native plugins compatible for Editor in 0.55 ms, found 1 plugins.
Preloading 0 native plugins for Editor in 0.00 ms.
Unloading 2850 Unused Serialized files (Serialized files now loaded: 0)
System memory in use before: 132.2 MB.
System memory in use after: 132.3 MB.

Unloading 13 unused Assets to reduce memory usage. Loaded Objects now: 3541.
Total: 2.388800 ms (FindLiveObjects: 0.283500 ms CreateObjectMapping: 0.081900 ms MarkObjects: 1.920000 ms  DeleteObjects: 0.102300 ms)

========================================================================
Received Prepare
Registering precompiled user dll's ...
Registered in 0.002426 seconds.
Begin MonoManager ReloadAssembly
Native extension for WindowsStandalone target not found
Refreshing native plugins compatible for Editor in 0.53 ms, found 1 plugins.
Preloading 0 native plugins for Editor in 0.00 ms.
Mono: successfully reloaded assembly
- Completed reload, in  0.941 seconds
Platform modules already initialized, skipping
Shader 'Universal Render Pipeline/Particles/Lit': fallback shader 'Universal Render Pipeline/Particles/SimpleLit' not found
Refreshing native plugins compatible for Editor in 0.53 ms, found 1 plugins.
Preloading 0 native plugins for Editor in 0.00 ms.
Unloading 2850 Unused Serialized files (Serialized files now loaded: 0)
System memory in use before: 132.2 MB.
System memory in use after: 132.3 MB.

Unloading 13 unused Assets to reduce memory usage. Loaded Objects now: 3545.
Total: 3.099900 ms (FindLiveObjects: 0.316200 ms CreateObjectMapping: 0.084200 ms MarkObjects: 2.577900 ms  DeleteObjects: 0.120700 ms)

========================================================================
Received Prepare
Registering precompiled user dll's ...
Registered in 0.002176 seconds.
Begin MonoManager ReloadAssembly
Native extension for WindowsStandalone target not found
Refreshing native plugins compatible for Editor in 0.53 ms, found 1 plugins.
Preloading 0 native plugins for Editor in 0.00 ms.
Mono: successfully reloaded assembly
- Completed reload, in  0.961 seconds
Platform modules already initialized, skipping
Shader 'Universal Render Pipeline/Particles/Lit': fallback shader 'Universal Render Pipeline/Particles/SimpleLit' not found
Refreshing native plugins compatible for Editor in 0.56 ms, found 1 plugins.
Preloading 0 native plugins for Editor in 0.00 ms.
Unloading 2850 Unused Serialized files (Serialized files now loaded: 0)
System memory in use before: 132.2 MB.
System memory in use after: 132.3 MB.

Unloading 13 unused Assets to reduce memory usage. Loaded Objects now: 3549.
Total: 2.595700 ms (FindLiveObjects: 0.303300 ms CreateObjectMapping: 0.082300 ms MarkObjects: 2.103600 ms  DeleteObjects: 0.105200 ms)

========================================================================
Received Prepare
Registering precompiled user dll's ...
Registered in 0.002303 seconds.
Begin MonoManager ReloadAssembly
Native extension for WindowsStandalone target not found
Refreshing native plugins compatible for Editor in 0.52 ms, found 1 plugins.
Preloading 0 native plugins for Editor in 0.00 ms.
Mono: successfully reloaded assembly
- Completed reload, in  0.933 seconds
Platform modules already initialized, skipping
Shader 'Universal Render Pipeline/Particles/Lit': fallback shader 'Universal Render Pipeline/Particles/SimpleLit' not found
Refreshing native plugins compatible for Editor in 0.53 ms, found 1 plugins.
Preloading 0 native plugins for Editor in 0.00 ms.
Unloading 2850 Unused Serialized files (Serialized files now loaded: 0)
System memory in use before: 132.2 MB.
System memory in use after: 132.3 MB.

Unloading 13 unused Assets to reduce memory usage. Loaded Objects now: 3553.
Total: 2.946600 ms (FindLiveObjects: 0.283900 ms CreateObjectMapping: 0.085800 ms MarkObjects: 2.459500 ms  DeleteObjects: 0.116200 ms)

========================================================================
Received Import Request.
  Time since last request: 394.675955 seconds.
  path: Assets/Shader/Shader_Crew.shadergraph
  artifactKey: Guid(7848af128929f854ab89583f6e898f1d) Importer(815301076,1909f56bfc062723c751e8b465ee728b)
Start importing Assets/Shader/Shader_Crew.shadergraph using Guid(7848af128929f854ab89583f6e898f1d) Importer(815301076,1909f56bfc062723c751e8b465ee728b)  -> (artifact id: '4fadd79ceba36917a273ac32687eea3c') in 0.022025 seconds
  Import took 0.026903 seconds .

========================================================================
Received Prepare
Registering precompiled user dll's ...
Registered in 0.002529 seconds.
Begin MonoManager ReloadAssembly
Native extension for WindowsStandalone target not found
Refreshing native plugins compatible for Editor in 0.57 ms, found 1 plugins.
Preloading 0 native plugins for Editor in 0.00 ms.
Mono: successfully reloaded assembly
- Completed reload, in  0.948 seconds
Platform modules already initialized, skipping
Shader 'Universal Render Pipeline/Particles/Lit': fallback shader 'Universal Render Pipeline/Particles/SimpleLit' not found
Refreshing native plugins compatible for Editor in 0.54 ms, found 1 plugins.
Preloading 0 native plugins for Editor in 0.00 ms.
Unloading 2850 Unused Serialized files (Serialized files now loaded: 0)
System memory in use before: 132.3 MB.
System memory in use after: 132.3 MB.

Unloading 13 unused Assets to reduce memory usage. Loaded Objects now: 3557.
Total: 2.974900 ms (FindLiveObjects: 0.308300 ms CreateObjectMapping: 0.083200 ms MarkObjects: 2.465700 ms  DeleteObjects: 0.116400 ms)

========================================================================
Received Prepare
Registering precompiled user dll's ...
Registered in 0.002109 seconds.
Begin MonoManager ReloadAssembly
Native extension for WindowsStandalone target not found
Refreshing native plugins compatible for Editor in 0.53 ms, found 1 plugins.
Preloading 0 native plugins for Editor in 0.00 ms.
Mono: successfully reloaded assembly
- Completed reload, in  0.935 seconds
Platform modules already initialized, skipping
Shader 'Universal Render Pipeline/Particles/Lit': fallback shader 'Universal Render Pipeline/Particles/SimpleLit' not found
Refreshing native plugins compatible for Editor in 0.55 ms, found 1 plugins.
Preloading 0 native plugins for Editor in 0.00 ms.
Unloading 2850 Unused Serialized files (Serialized files now loaded: 0)
System memory in use before: 132.3 MB.
System memory in use after: 132.4 MB.

Unloading 13 unused Assets to reduce memory usage. Loaded Objects now: 3561.
Total: 2.645600 ms (FindLiveObjects: 0.354400 ms CreateObjectMapping: 0.087400 ms MarkObjects: 2.084500 ms  DeleteObjects: 0.118100 ms)

========================================================================
Received Prepare
Registering precompiled user dll's ...
Registered in 0.002174 seconds.
Begin MonoManager ReloadAssembly
Native extension for WindowsStandalone target not found
Refreshing native plugins compatible for Editor in 0.55 ms, found 1 plugins.
Preloading 0 native plugins for Editor in 0.00 ms.
Mono: successfully reloaded assembly
- Completed reload, in  1.032 seconds
Platform modules already initialized, skipping
Shader 'Universal Render Pipeline/Particles/Lit': fallback shader 'Universal Render Pipeline/Particles/SimpleLit' not found
Refreshing native plugins compatible for Editor in 0.58 ms, found 1 plugins.
Preloading 0 native plugins for Editor in 0.00 ms.
Unloading 2850 Unused Serialized files (Serialized files now loaded: 0)
System memory in use before: 132.3 MB.
System memory in use after: 132.4 MB.

Unloading 13 unused Assets to reduce memory usage. Loaded Objects now: 3565.
Total: 3.627900 ms (FindLiveObjects: 0.556300 ms CreateObjectMapping: 0.111900 ms MarkObjects: 2.818000 ms  DeleteObjects: 0.140600 ms)

========================================================================
Received Prepare
Registering precompiled user dll's ...
Registered in 0.002768 seconds.
Begin MonoManager ReloadAssembly
Native extension for WindowsStandalone target not found
Refreshing native plugins compatible for Editor in 0.53 ms, found 1 plugins.
Preloading 0 native plugins for Editor in 0.00 ms.
Mono: successfully reloaded assembly
- Completed reload, in  0.926 seconds
Platform modules already initialized, skipping
Shader 'Universal Render Pipeline/Particles/Lit': fallback shader 'Universal Render Pipeline/Particles/SimpleLit' not found
Refreshing native plugins compatible for Editor in 0.60 ms, found 1 plugins.
Preloading 0 native plugins for Editor in 0.00 ms.
Unloading 2850 Unused Serialized files (Serialized files now loaded: 0)
System memory in use before: 132.3 MB.
System memory in use after: 132.4 MB.

Unloading 13 unused Assets to reduce memory usage. Loaded Objects now: 3569.
Total: 2.517600 ms (FindLiveObjects: 0.377700 ms CreateObjectMapping: 0.086600 ms MarkObjects: 1.935700 ms  DeleteObjects: 0.116600 ms)

========================================================================
Received Prepare
Registering precompiled user dll's ...
Registered in 0.002087 seconds.
Begin MonoManager ReloadAssembly
Native extension for WindowsStandalone target not found
Refreshing native plugins compatible for Editor in 0.54 ms, found 1 plugins.
Preloading 0 native plugins for Editor in 0.00 ms.
Mono: successfully reloaded assembly
- Completed reload, in  0.933 seconds
Platform modules already initialized, skipping
Shader 'Universal Render Pipeline/Particles/Lit': fallback shader 'Universal Render Pipeline/Particles/SimpleLit' not found
Refreshing native plugins compatible for Editor in 0.58 ms, found 1 plugins.
Preloading 0 native plugins for Editor in 0.00 ms.
Unloading 2850 Unused Serialized files (Serialized files now loaded: 0)
System memory in use before: 132.3 MB.
System memory in use after: 132.4 MB.

Unloading 13 unused Assets to reduce memory usage. Loaded Objects now: 3573.
Total: 2.953700 ms (FindLiveObjects: 0.543400 ms CreateObjectMapping: 0.119100 ms MarkObjects: 2.157900 ms  DeleteObjects: 0.131900 ms)

========================================================================
Received Prepare
Registering precompiled user dll's ...
Registered in 0.002261 seconds.
Begin MonoManager ReloadAssembly
Native extension for WindowsStandalone target not found
Refreshing native plugins compatible for Editor in 0.57 ms, found 1 plugins.
Preloading 0 native plugins for Editor in 0.00 ms.
Mono: successfully reloaded assembly
- Completed reload, in  1.034 seconds
Platform modules already initialized, skipping
Shader 'Universal Render Pipeline/Particles/Lit': fallback shader 'Universal Render Pipeline/Particles/SimpleLit' not found
Refreshing native plugins compatible for Editor in 0.57 ms, found 1 plugins.
Preloading 0 native plugins for Editor in 0.00 ms.
Unloading 2850 Unused Serialized files (Serialized files now loaded: 0)
System memory in use before: 132.3 MB.
System memory in use after: 132.4 MB.

Unloading 13 unused Assets to reduce memory usage. Loaded Objects now: 3577.
Total: 2.493400 ms (FindLiveObjects: 0.359900 ms CreateObjectMapping: 0.082700 ms MarkObjects: 1.941600 ms  DeleteObjects: 0.108300 ms)

========================================================================
Received Prepare
Registering precompiled user dll's ...
Registered in 0.002045 seconds.
Begin MonoManager ReloadAssembly
Native extension for WindowsStandalone target not found
Refreshing native plugins compatible for Editor in 0.56 ms, found 1 plugins.
Preloading 0 native plugins for Editor in 0.00 ms.
Mono: successfully reloaded assembly
- Completed reload, in  0.964 seconds
Platform modules already initialized, skipping
Shader 'Universal Render Pipeline/Particles/Lit': fallback shader 'Universal Render Pipeline/Particles/SimpleLit' not found
Refreshing native plugins compatible for Editor in 0.54 ms, found 1 plugins.
Preloading 0 native plugins for Editor in 0.00 ms.
Unloading 2850 Unused Serialized files (Serialized files now loaded: 0)
System memory in use before: 132.3 MB.
System memory in use after: 132.4 MB.

Unloading 13 unused Assets to reduce memory usage. Loaded Objects now: 3581.
Total: 2.599500 ms (FindLiveObjects: 0.360500 ms CreateObjectMapping: 0.082900 ms MarkObjects: 2.032100 ms  DeleteObjects: 0.122400 ms)

========================================================================
Received Prepare
Registering precompiled user dll's ...
Registered in 0.002191 seconds.
Begin MonoManager ReloadAssembly
Native extension for WindowsStandalone target not found
Refreshing native plugins compatible for Editor in 0.59 ms, found 1 plugins.
Preloading 0 native plugins for Editor in 0.00 ms.
Mono: successfully reloaded assembly
- Completed reload, in  0.962 seconds
Platform modules already initialized, skipping
Shader 'Universal Render Pipeline/Particles/Lit': fallback shader 'Universal Render Pipeline/Particles/SimpleLit' not found
Refreshing native plugins compatible for Editor in 0.54 ms, found 1 plugins.
Preloading 0 native plugins for Editor in 0.00 ms.
Unloading 2850 Unused Serialized files (Serialized files now loaded: 0)
System memory in use before: 132.3 MB.
System memory in use after: 132.4 MB.

Unloading 13 unused Assets to reduce memory usage. Loaded Objects now: 3585.
Total: 2.523700 ms (FindLiveObjects: 0.354400 ms CreateObjectMapping: 0.084900 ms MarkObjects: 1.962700 ms  DeleteObjects: 0.120500 ms)

========================================================================
Received Prepare
Registering precompiled user dll's ...
Registered in 0.002210 seconds.
Begin MonoManager ReloadAssembly
Native extension for WindowsStandalone target not found
Refreshing native plugins compatible for Editor in 0.54 ms, found 1 plugins.
Preloading 0 native plugins for Editor in 0.00 ms.
Mono: successfully reloaded assembly
- Completed reload, in  0.996 seconds
Platform modules already initialized, skipping
Shader 'Universal Render Pipeline/Particles/Lit': fallback shader 'Universal Render Pipeline/Particles/SimpleLit' not found
Refreshing native plugins compatible for Editor in 0.54 ms, found 1 plugins.
Preloading 0 native plugins for Editor in 0.00 ms.
Unloading 2850 Unused Serialized files (Serialized files now loaded: 0)
System memory in use before: 132.3 MB.
System memory in use after: 132.4 MB.

Unloading 13 unused Assets to reduce memory usage. Loaded Objects now: 3589.
Total: 2.514000 ms (FindLiveObjects: 0.343800 ms CreateObjectMapping: 0.081700 ms MarkObjects: 1.974300 ms  DeleteObjects: 0.113200 ms)

========================================================================
Received Import Request.
  Time since last request: 2015.442770 seconds.
  path: Assets/UI/Online UI/Animations/InputField.controller
  artifactKey: Guid(80192ec6d5978e546b224bb0d21742dd) Importer(815301076,1909f56bfc062723c751e8b465ee728b)
Start importing Assets/UI/Online UI/Animations/InputField.controller using Guid(80192ec6d5978e546b224bb0d21742dd) Importer(815301076,1909f56bfc062723c751e8b465ee728b)  -> (artifact id: '421e94dfa86e96ff9bb4283d6e8de3e0') in 0.022176 seconds
  Import took 0.027679 seconds .

========================================================================
Received Import Request.
  Time since last request: 0.638471 seconds.
  path: Assets/UI/Online UI/Animations/Anim_NicknameInputField.anim
  artifactKey: Guid(1170a44ca390cd64f9db8c7fd1ef5ce5) Importer(815301076,1909f56bfc062723c751e8b465ee728b)
Start importing Assets/UI/Online UI/Animations/Anim_NicknameInputField.anim using Guid(1170a44ca390cd64f9db8c7fd1ef5ce5) Importer(815301076,1909f56bfc062723c751e8b465ee728b)  -> (artifact id: '8f99a3b9d839a7d3e96c2b6e9ba941f6') in 0.011885 seconds
  Import took 0.016689 seconds .

========================================================================
Received Import Request.
  Time since last request: 71.926983 seconds.
  path: Assets/UI/Online UI/Scripts
  artifactKey: Guid(4a26979f72b42434da8d3443e627bb67) Importer(815301076,1909f56bfc062723c751e8b465ee728b)
Start importing Assets/UI/Online UI/Scripts using Guid(4a26979f72b42434da8d3443e627bb67) Importer(815301076,1909f56bfc062723c751e8b465ee728b)  -> (artifact id: 'eee1802a47944ce5b31298f4f5112d32') in 0.009045 seconds
  Import took 0.014273 seconds .

========================================================================
Received Prepare
Registering precompiled user dll's ...
Registered in 0.002088 seconds.
Begin MonoManager ReloadAssembly
Native extension for WindowsStandalone target not found
Refreshing native plugins compatible for Editor in 0.57 ms, found 1 plugins.
Preloading 0 native plugins for Editor in 0.00 ms.
Mono: successfully reloaded assembly
- Completed reload, in  0.930 seconds
Platform modules already initialized, skipping
Shader 'Universal Render Pipeline/Particles/Lit': fallback shader 'Universal Render Pipeline/Particles/SimpleLit' not found
Refreshing native plugins compatible for Editor in 0.52 ms, found 1 plugins.
Preloading 0 native plugins for Editor in 0.00 ms.
Unloading 2850 Unused Serialized files (Serialized files now loaded: 0)
System memory in use before: 132.4 MB.
System memory in use after: 132.5 MB.

Unloading 13 unused Assets to reduce memory usage. Loaded Objects now: 3593.
Total: 2.755300 ms (FindLiveObjects: 0.423900 ms CreateObjectMapping: 0.092100 ms MarkObjects: 2.124800 ms  DeleteObjects: 0.112900 ms)

========================================================================
Received Import Request.
  Time since last request: 24.428130 seconds.
  path: Assets/UI/Online UI/Scripts/OnlineUI.cs
  artifactKey: Guid(98bf500fef829d345b9e0fdcff035ef2) Importer(815301076,1909f56bfc062723c751e8b465ee728b)
Start importing Assets/UI/Online UI/Scripts/OnlineUI.cs using Guid(98bf500fef829d345b9e0fdcff035ef2) Importer(815301076,1909f56bfc062723c751e8b465ee728b)  -> (artifact id: 'aebc8d6de7bc57b0cb9a679e394fa877') in 0.012182 seconds
  Import took 0.019278 seconds .

========================================================================
Received Prepare
Registering precompiled user dll's ...
Registered in 0.002597 seconds.
Begin MonoManager ReloadAssembly
Native extension for WindowsStandalone target not found
Refreshing native plugins compatible for Editor in 0.54 ms, found 1 plugins.
Preloading 0 native plugins for Editor in 0.00 ms.
Mono: successfully reloaded assembly
- Completed reload, in  0.960 seconds
Platform modules already initialized, skipping
Shader 'Universal Render Pipeline/Particles/Lit': fallback shader 'Universal Render Pipeline/Particles/SimpleLit' not found
Refreshing native plugins compatible for Editor in 0.53 ms, found 1 plugins.
Preloading 0 native plugins for Editor in 0.00 ms.
Unloading 2851 Unused Serialized files (Serialized files now loaded: 0)
System memory in use before: 132.4 MB.
System memory in use after: 132.5 MB.

Unloading 13 unused Assets to reduce memory usage. Loaded Objects now: 3598.
Total: 2.663000 ms (FindLiveObjects: 0.389200 ms CreateObjectMapping: 0.087200 ms MarkObjects: 2.063500 ms  DeleteObjects: 0.121900 ms)

========================================================================
Received Import Request.
  Time since last request: 25.324914 seconds.
  path: Assets/UI/Online UI/Scripts/CreateRoomUI.cs
  artifactKey: Guid(844054ff40204e3479a0354c470af38f) Importer(815301076,1909f56bfc062723c751e8b465ee728b)
Start importing Assets/UI/Online UI/Scripts/CreateRoomUI.cs using Guid(844054ff40204e3479a0354c470af38f) Importer(815301076,1909f56bfc062723c751e8b465ee728b)  -> (artifact id: 'b7a918279d308e89a4bda7da7aaba573') in 0.006688 seconds
  Import took 0.011936 seconds .

========================================================================
Received Import Request.
  Time since last request: 0.015334 seconds.
  path: Assets/UI/Online UI/Scripts/CreateRoomUI.cs
  artifactKey: Guid(844054ff40204e3479a0354c470af38f) Importer(815301076,1909f56bfc062723c751e8b465ee728b)
Start importing Assets/UI/Online UI/Scripts/CreateRoomUI.cs using Guid(844054ff40204e3479a0354c470af38f) Importer(815301076,1909f56bfc062723c751e8b465ee728b)  -> (artifact id: 'b7a918279d308e89a4bda7da7aaba573') in 0.002620 seconds
  Import took 0.007030 seconds .

========================================================================
Received Prepare
Registering precompiled user dll's ...
Registered in 0.002336 seconds.
Begin MonoManager ReloadAssembly
Native extension for WindowsStandalone target not found
Refreshing native plugins compatible for Editor in 0.65 ms, found 1 plugins.
Preloading 0 native plugins for Editor in 0.00 ms.
Mono: successfully reloaded assembly
- Completed reload, in  0.968 seconds
Platform modules already initialized, skipping
Shader 'Universal Render Pipeline/Particles/Lit': fallback shader 'Universal Render Pipeline/Particles/SimpleLit' not found
Refreshing native plugins compatible for Editor in 0.53 ms, found 1 plugins.
Preloading 0 native plugins for Editor in 0.00 ms.
Unloading 2851 Unused Serialized files (Serialized files now loaded: 0)
System memory in use before: 132.4 MB.
System memory in use after: 132.5 MB.

Unloading 13 unused Assets to reduce memory usage. Loaded Objects now: 3602.
Total: 2.898000 ms (FindLiveObjects: 0.289100 ms CreateObjectMapping: 0.084900 ms MarkObjects: 2.398200 ms  DeleteObjects: 0.124600 ms)

========================================================================
Received Prepare
Registering precompiled user dll's ...
Registered in 0.002237 seconds.
Begin MonoManager ReloadAssembly
Native extension for WindowsStandalone target not found
Refreshing native plugins compatible for Editor in 0.55 ms, found 1 plugins.
Preloading 0 native plugins for Editor in 0.00 ms.
Mono: successfully reloaded assembly
- Completed reload, in  0.970 seconds
Platform modules already initialized, skipping
Shader 'Universal Render Pipeline/Particles/Lit': fallback shader 'Universal Render Pipeline/Particles/SimpleLit' not found
Refreshing native plugins compatible for Editor in 0.53 ms, found 1 plugins.
Preloading 0 native plugins for Editor in 0.00 ms.
Unloading 2851 Unused Serialized files (Serialized files now loaded: 0)
System memory in use before: 132.4 MB.
System memory in use after: 132.5 MB.

Unloading 13 unused Assets to reduce memory usage. Loaded Objects now: 3606.
Total: 2.474000 ms (FindLiveObjects: 0.326200 ms CreateObjectMapping: 0.082500 ms MarkObjects: 1.946900 ms  DeleteObjects: 0.117300 ms)

AssetImportWorkerClient::OnTransportError - code=2 error=End of file
